[2012-10-09 10:19:55] START
[2012-10-09 10:25:01] EDIT sip_users/models/db.py: -12
[2012-10-09 11:10:47] EDIT sip_users/models/db.py: 1
[2012-10-09 11:11:45] EDIT sip_users/models/db.py: 2
[2012-10-09 11:14:30] EDIT sip_users/models/db.py: 0
[2012-10-09 11:16:53] EDIT sip_users/models/db.py: 0
[2012-10-09 11:46:41] EDIT sip_users/models/db.py: 39
[2012-10-09 11:47:08] EDIT sip_users/models/db.py: 0
[2012-10-09 11:47:18] EDIT sip_users/models/db.py: 0
[2012-10-09 11:47:31] EDIT sip_users/models/db.py: 0
[2012-10-09 11:49:33] EDIT sip_users/models/db.py: 0
[2012-10-09 11:49:49] EDIT sip_users/models/db.py: 0
[2012-10-09 11:50:20] EDIT sip_users/models/db.py: 0
[2012-10-09 11:51:06] EDIT sip_users/models/db.py: 0
[2012-10-09 11:52:49] EDIT sip_users/models/db.py: 0
[2012-10-09 11:53:43] EDIT sip_users/models/db.py: 0
[2012-10-09 11:54:52] EDIT sip_users/models/db.py: 0
[2012-10-09 11:55:42] EDIT sip_users/models/db.py: 0
[2012-10-09 11:56:32] EDIT sip_users/models/db.py: 0
[2012-10-09 11:57:12] EDIT sip_users/models/db.py: 0
[2012-10-09 12:02:49] EDIT sip_users/models/db.py: 0
[2012-10-09 12:02:58] EDIT sip_users/models/db.py: 0
[2012-10-09 12:04:11] EDIT sip_users/models/db.py: 0
[2012-10-09 12:06:57] EDIT sip_users/models/db.py: 0
[2012-10-09 12:08:03] EDIT sip_users/models/db.py: 0
[2012-10-09 12:09:27] EDIT sip_users/models/db.py: 0
[2012-10-09 12:09:54] EDIT sip_users/models/db.py: 0
[2012-10-09 12:16:46] EDIT sip_users/models/db.py: 0
[2012-10-09 12:28:24] EDIT sip_users/models/db.py: 0
[2012-10-09 12:29:39] EDIT sip_users/models/db.py: 0
[2012-10-09 12:42:15] EDIT sip_users/models/db.py: 0
[2012-10-09 12:42:43] EDIT sip_users/models/db.py: 0
[2012-10-09 14:53:54] EDIT sip_users/models/db.py: 0
[2012-10-09 14:55:21] EDIT sip_users/models/db.py: 2
[2012-10-09 14:56:06] EDIT sip_users/models/db.py: 0
[2012-10-09 15:00:17] EDIT sip_users/models/db.py: 0
[2012-10-09 15:04:30] EDIT sip_users/models/db.py: 0
[2012-10-09 15:10:17] EDIT sip_users/models/db.py: 0
[2012-10-09 15:14:49] EDIT sip_users/models/db.py: 0
[2012-10-09 15:15:00] EDIT sip_users/models/db.py: 0
[2012-10-09 15:18:33] EDIT sip_users/models/db.py: 0
[2012-10-09 15:18:55] EDIT sip_users/models/db.py: 0
[2012-10-09 16:24:31] EDIT sip_users/controllers/default.py: 3
[2012-10-09 16:25:32] CREATE default/new_user.html: 0
[2012-10-09 16:25:37] EDIT sip_users/views/default/new_user.html: 0
[2012-10-09 16:26:53] CREATE default/new_sip_user.html: 0
[2012-10-09 16:26:55] EDIT sip_users/views/default/new_sip_user.html: 0
[2012-10-09 16:27:02] DELETE sip_users/views/default/new_user.html: -3
[2012-10-09 16:27:23] EDIT sip_users/controllers/default.py: 0
[2012-10-09 16:34:24] EDIT sip_users/controllers/default.py: 2
[2012-10-10 16:26:27] EDIT sip_users/models/menu.py: 0
[2012-10-10 16:28:27] EDIT sip_users/models/menu.py: 1
[2012-10-10 16:29:03] EDIT sip_users/models/menu.py: 0
[2012-10-10 16:31:58] EDIT sip_users/models/menu.py: 0
[2012-10-24 16:18:55] EDIT sip_users/views/default/index.html: 1
[2012-10-24 16:19:31] EDIT sip_users/views/default/index.html: 0
[2012-10-24 16:19:39] EDIT sip_users/views/default/index.html: 0
[2012-10-24 16:19:41] EDIT sip_users/views/default/index.html: 0
[2012-10-24 16:19:55] EDIT sip_users/views/default/index.html: 0
[2012-10-24 16:20:57] EDIT sip_users/views/default/index.html: 0
[2012-10-24 16:21:06] EDIT sip_users/views/default/index.html: -1
[2012-10-24 16:45:09] EDIT sip_users/views/default/new_sip_user.html: 0
[2012-10-24 16:47:17] EDIT sip_users/views/default/new_sip_user.html: -1
[2012-10-24 16:47:29] EDIT sip_users/views/default/new_sip_user.html: 1
[2012-10-24 16:49:22] EDIT sip_users/controllers/default.py: 2
[2012-10-24 16:49:41] CREATE default/display_form.html: 0
[2012-10-24 16:52:20] EDIT sip_users/views/default/display_form.html: 12
[2012-10-24 16:55:18] EDIT sip_users/controllers/default.py: 1
[2012-10-24 16:56:05] EDIT sip_users/views/default/display_form.html: 1
[2012-10-24 16:56:41] EDIT sip_users/controllers/default.py: 0
[2012-10-24 16:57:17] EDIT sip_users/views/default/new_sip_user.html: 2
[2012-10-24 18:02:01] EDIT sip_users/models/db.py: 0
[2012-10-24 18:05:37] EDIT sip_users/models/db.py: 0
[2012-10-24 18:06:00] EDIT sip_users/models/db.py: 0
[2012-10-24 18:08:53] EDIT sip_users/controllers/default.py: 1
[2012-10-24 18:10:10] EDIT sip_users/controllers/default.py: 0
[2012-10-24 18:10:46] EDIT sip_users/controllers/default.py: 0
[2012-10-24 18:11:57] EDIT sip_users/controllers/default.py: 1
[2012-10-24 18:17:14] EDIT sip_users/controllers/default.py: 0
[2012-10-24 18:17:32] EDIT sip_users/controllers/default.py: 0
[2012-10-24 18:19:11] EDIT sip_users/controllers/default.py: 0
[2012-10-24 18:21:21] EDIT sip_users/controllers/default.py: 1
[2012-10-24 18:22:01] EDIT sip_users/controllers/default.py: 0
[2012-10-24 18:25:58] EDIT sip_users/controllers/default.py: 1
[2012-10-24 18:30:03] EDIT sip_users/controllers/default.py: 0
[2012-10-24 18:30:25] EDIT sip_users/controllers/default.py: 0
[2012-10-24 18:30:39] EDIT sip_users/controllers/default.py: 0
[2012-10-24 18:39:50] EDIT sip_users/controllers/default.py: 0
[2012-10-24 18:40:10] EDIT sip_users/controllers/default.py: 0
[2012-10-24 18:47:54] EDIT sip_users/controllers/default.py: 0
[2012-10-24 18:49:29] EDIT sip_users/controllers/default.py: 2
[2012-10-24 18:51:20] EDIT sip_users/controllers/default.py: 0
[2012-10-24 18:51:55] EDIT sip_users/controllers/default.py: 0
[2012-10-24 18:52:29] EDIT sip_users/controllers/default.py: 2
[2012-10-25 10:24:14] EDIT sip_users/controllers/default.py: 0
[2012-10-25 10:30:43] EDIT sip_users/views/default/display_form.html: -1
[2012-10-25 10:38:21] EDIT sip_users/views/default/display_form.html: -10
[2012-10-25 10:39:42] EDIT sip_users/controllers/default.py: 0
[2012-10-25 10:41:07] EDIT sip_users/controllers/default.py: 2
[2012-10-25 10:43:25] EDIT sip_users/controllers/default.py: 1
[2012-10-25 10:50:52] EDIT sip_users/controllers/default.py: 0
[2012-10-25 10:51:20] EDIT sip_users/controllers/default.py: 1
[2012-10-25 10:52:09] EDIT sip_users/controllers/default.py: 0
[2012-10-25 11:17:38] EDIT sip_users/controllers/default.py: 7
[2012-10-25 11:17:55] CREATE default/displa_manual_form.html: 0
[2012-10-25 11:20:24] EDIT sip_users/views/default/displa_manual_form.html: 7
[2012-10-25 11:21:18] EDIT sip_users/controllers/default.py: 0
[2012-10-25 11:22:16] DELETE sip_users/views/default/displa_manual_form.html: -10
[2012-10-25 11:22:33] CREATE default/display_manual_form.html: 0
[2012-10-25 11:24:30] EDIT sip_users/views/default/display_manual_form.html: 7
[2012-10-25 11:25:35] EDIT sip_users/views/default/display_manual_form.html: 1
[2012-10-25 11:27:31] EDIT sip_users/controllers/default.py: 0
[2012-10-25 11:29:15] EDIT sip_users/controllers/default.py: 0
[2012-10-25 11:30:11] EDIT sip_users/views/default/display_manual_form.html: 0
[2012-10-25 11:42:41] EDIT sip_users/views/default/display_manual_form.html: 0
[2012-10-25 12:05:23] EDIT sip_users/controllers/default.py: 2
[2012-10-25 12:05:55] EDIT sip_users/controllers/default.py: 0
[2012-10-25 12:11:46] EDIT sip_users/controllers/default.py: 0
[2012-10-25 12:12:31] EDIT sip_users/controllers/default.py: 0
[2012-10-25 12:13:36] EDIT sip_users/views/default/index.html: 2
[2012-10-25 12:17:52] EDIT sip_users/controllers/default.py: 0
[2012-10-25 12:22:09] EDIT sip_users/controllers/default.py: 3
[2012-10-25 12:22:22] EDIT sip_users/controllers/default.py: 0
[2012-10-25 12:22:46] CREATE default/new_sip_user_crud.html: 0
[2012-10-25 12:22:55] EDIT sip_users/views/default/new_sip_user_crud.html: 1
[2012-10-25 12:30:15] EDIT sip_users/controllers/default.py: 0
[2012-10-25 13:05:04] EDIT sip_users/models/db.py: 0
[2012-10-25 13:05:22] EDIT sip_users/models/db.py: 0
[2012-10-25 13:25:53] EDIT sip_users/controllers/default.py: 2
[2012-10-25 17:05:11] EDIT sip_users/views/default/index.html: 1
[2012-10-25 17:05:54] EDIT sip_users/controllers/default.py: 1
[2012-10-25 17:07:50] EDIT sip_users/controllers/default.py: 2
[2012-10-25 17:08:04] CREATE default/sql_form.html: 0
[2012-10-25 17:08:07] EDIT sip_users/views/default/sql_form.html: 0
[2012-10-25 17:08:40] EDIT sip_users/views/default/sql_form.html: 1
[2012-10-25 17:09:05] EDIT sip_users/controllers/default.py: 0
[2012-10-25 17:09:48] EDIT sip_users/controllers/default.py: 0
[2012-10-25 17:12:33] EDIT sip_users/controllers/default.py: 0
[2012-10-25 17:16:42] EDIT sip_users/controllers/default.py: 0
[2012-10-25 17:17:25] EDIT sip_users/controllers/default.py: 0
[2012-10-25 17:20:01] EDIT sip_users/controllers/default.py: 0
[2012-10-25 17:22:54] EDIT sip_users/controllers/default.py: 0
[2012-10-25 17:23:23] EDIT sip_users/controllers/default.py: 0
[2012-10-25 17:23:29] EDIT sip_users/controllers/default.py: 0
[2012-10-25 17:24:01] EDIT sip_users/controllers/default.py: 0
[2012-10-25 17:24:17] EDIT sip_users/controllers/default.py: 0
[2012-10-25 17:25:22] EDIT sip_users/controllers/default.py: 0
[2012-10-25 17:29:37] EDIT sip_users/controllers/default.py: 0
[2012-10-25 17:31:34] EDIT sip_users/controllers/default.py: 0
[2012-10-25 17:32:12] EDIT sip_users/controllers/default.py: 0
[2012-10-25 17:32:23] EDIT sip_users/controllers/default.py: 0
[2012-10-25 17:32:29] EDIT sip_users/controllers/default.py: 0
[2012-10-25 17:33:04] EDIT sip_users/controllers/default.py: 0
[2012-10-25 17:35:53] EDIT sip_users/controllers/default.py: 0
[2012-10-25 17:39:23] EDIT sip_users/controllers/default.py: 0
[2012-10-25 17:39:40] EDIT sip_users/controllers/default.py: 0
[2012-10-25 17:41:34] EDIT sip_users/controllers/default.py: 0
[2012-10-25 17:41:50] EDIT sip_users/views/default/index.html: -1
[2012-10-25 17:42:45] EDIT sip_users/controllers/default.py: 0
[2012-10-25 17:42:54] EDIT sip_users/controllers/default.py: 0
[2012-10-25 17:43:06] EDIT sip_users/controllers/default.py: 0
[2012-10-25 17:45:08] EDIT sip_users/controllers/default.py: 0
[2012-10-25 17:45:24] EDIT sip_users/controllers/default.py: 0
[2012-10-25 17:46:18] EDIT sip_users/controllers/default.py: 0
[2012-10-25 18:13:03] EDIT sip_users/controllers/default.py: 0
[2012-10-25 18:40:48] EDIT sip_users/controllers/default.py: 0
[2012-10-25 18:41:18] EDIT sip_users/controllers/default.py: 0
[2012-10-25 18:52:16] EDIT sip_users/controllers/default.py: 1
[2012-10-26 11:29:52] EDIT sip_users/views/default/sql_form.html: -1
[2012-10-26 12:32:57] EDIT sip_users/models/db.py: 0
[2012-10-26 12:34:44] EDIT sip_users/models/db.py: 0
[2012-10-26 12:47:49] EDIT sip_users/models/db.py: 0
[2012-10-26 14:22:00] EDIT sip_users/models/db.py: 0
[2012-10-26 14:57:28] EDIT sip_users/models/db.py: 0
[2012-10-26 14:59:40] EDIT sip_users/controllers/default.py: 0
[2012-10-26 15:01:25] EDIT sip_users/controllers/default.py: 2
[2012-10-26 15:07:17] EDIT sip_users/controllers/default.py: 1
[2012-10-26 15:26:02] EDIT sip_users/models/db.py: 7
[2012-10-26 15:26:13] EDIT sip_users/models/db.py: 0
[2012-10-26 15:46:16] EDIT sip_users/controllers/default.py: 2
[2012-10-26 15:49:04] EDIT sip_users/controllers/default.py: 2
[2012-10-26 15:49:26] CREATE default/extensions.html: 0
[2012-10-26 15:49:38] EDIT sip_users/views/default/extensions.html: 1
[2012-10-26 15:53:30] EDIT sip_users/models/db.py: 1
[2012-10-26 15:55:50] EDIT sip_users/models/db.py: -1
[2012-10-26 15:55:53] EDIT sip_users/models/db.py: 0
[2012-10-26 15:55:58] EDIT sip_users/models/db.py: 0
[2012-10-26 15:55:59] EDIT sip_users/models/db.py: 0
[2012-10-26 15:56:15] EDIT sip_users/models/db.py: 0
[2012-10-26 15:57:34] EDIT sip_users/models/db.py: 1
[2012-10-26 15:57:49] EDIT sip_users/models/db.py: 0
[2012-10-26 15:58:06] EDIT sip_users/models/db.py: 0
[2012-10-26 15:59:45] EDIT sip_users/models/db.py: 0
[2012-10-26 16:00:17] EDIT sip_users/models/db.py: 0
[2012-10-26 16:01:24] EDIT sip_users/models/db.py: 0
[2012-10-26 16:08:04] EDIT sip_users/models/db.py: 1
[2012-10-26 16:08:22] EDIT sip_users/models/db.py: 0
[2012-10-26 16:09:25] EDIT sip_users/models/db.py: -1
[2012-10-26 16:10:37] EDIT sip_users/controllers/default.py: 0
[2012-10-26 16:21:08] EDIT sip_users/views/default/extensions.html: -1
[2012-10-26 17:41:20] EDIT sip_users/views/default/extensions.html: 0
[2012-10-30 15:44:13] EDIT sip_users/models/db.py: 21
[2012-10-30 15:44:59] EDIT sip_users/models/db.py: 0
[2012-10-30 16:04:36] EDIT sip_users/models/db.py: -1
[2012-10-30 16:06:05] EDIT sip_users/models/db.py: 0
[2012-10-30 16:06:15] EDIT sip_users/models/db.py: 0
[2012-10-30 16:06:22] EDIT sip_users/models/db.py: 0
[2012-10-30 16:10:45] EDIT sip_users/models/db.py: 0
[2012-10-30 16:25:50] EDIT sip_users/models/db.py: 0
[2012-10-30 16:26:02] EDIT sip_users/models/db.py: 0
[2012-10-30 16:35:51] EDIT sip_users/models/db.py: 0
[2012-10-30 16:42:32] EDIT sip_users/controllers/default.py: 3
[2012-10-30 16:43:21] EDIT sip_users/controllers/default.py: 0
[2012-10-30 16:43:31] EDIT sip_users/controllers/default.py: 0
[2012-10-30 16:43:45] CREATE default/cdr.html: 0
[2012-10-30 16:44:01] EDIT sip_users/views/default/cdr.html: 1
[2012-10-30 16:50:56] EDIT sip_users/controllers/default.py: 7
[2012-10-30 16:51:10] EDIT sip_users/controllers/default.py: 0
[2012-10-30 16:52:09] EDIT sip_users/controllers/default.py: 0
[2012-10-30 16:52:26] EDIT sip_users/controllers/default.py: 0
[2012-10-30 16:53:13] EDIT sip_users/controllers/default.py: -1
[2012-10-30 16:53:26] EDIT sip_users/controllers/default.py: 0
[2012-10-30 16:53:59] EDIT sip_users/controllers/default.py: 0
[2012-10-30 16:56:09] EDIT sip_users/views/default/cdr.html: -1
[2012-10-30 18:07:07] EDIT sip_users/controllers/default.py: 1
[2012-10-30 18:09:41] EDIT sip_users/controllers/default.py: 0
[2012-10-30 18:09:49] EDIT sip_users/controllers/default.py: 0
[2012-10-30 18:10:06] EDIT sip_users/controllers/default.py: 0
[2012-10-30 18:13:34] EDIT sip_users/controllers/default.py: 1
[2012-10-30 18:13:51] EDIT sip_users/controllers/default.py: 0
[2012-10-30 18:14:00] EDIT sip_users/controllers/default.py: 0
[2012-10-30 18:14:09] EDIT sip_users/controllers/default.py: 0
[2012-10-30 18:15:26] EDIT sip_users/controllers/default.py: 1
[2012-10-30 18:15:37] EDIT sip_users/controllers/default.py: 0
[2012-10-30 18:15:57] EDIT sip_users/controllers/default.py: 0
[2012-10-30 18:16:12] EDIT sip_users/controllers/default.py: 0
[2012-10-30 18:16:30] EDIT sip_users/controllers/default.py: 0
[2012-10-30 18:16:56] EDIT sip_users/controllers/default.py: 0
[2012-10-30 18:17:23] EDIT sip_users/controllers/default.py: 0
[2012-10-30 18:21:20] EDIT sip_users/controllers/default.py: 0
[2012-10-30 18:25:31] EDIT sip_users/controllers/default.py: 0
[2012-10-30 18:29:54] EDIT sip_users/controllers/default.py: 0
[2012-10-31 10:29:32] EDIT sip_users/controllers/default.py: 0
[2012-10-31 10:29:50] EDIT sip_users/controllers/default.py: 0
[2012-10-31 10:30:17] EDIT sip_users/controllers/default.py: 0
[2012-10-31 10:31:13] EDIT sip_users/controllers/default.py: 1
[2012-10-31 10:31:30] EDIT sip_users/controllers/default.py: -1
[2012-10-31 10:32:17] EDIT sip_users/controllers/default.py: 0
[2012-10-31 10:32:33] EDIT sip_users/controllers/default.py: 0
[2012-10-31 10:32:46] EDIT sip_users/controllers/default.py: 0
[2012-10-31 10:32:57] EDIT sip_users/controllers/default.py: 0
[2012-10-31 10:33:10] EDIT sip_users/controllers/default.py: 0
[2012-10-31 10:33:15] EDIT sip_users/controllers/default.py: 0
[2012-10-31 10:33:32] EDIT sip_users/controllers/default.py: 0
[2012-10-31 10:33:44] EDIT sip_users/controllers/default.py: 0
[2012-10-31 10:34:18] EDIT sip_users/controllers/default.py: 0
[2012-10-31 10:36:12] EDIT sip_users/controllers/default.py: 0
[2012-10-31 10:36:40] EDIT sip_users/controllers/default.py: 0
[2012-10-31 10:36:52] EDIT sip_users/controllers/default.py: 0
[2012-10-31 10:38:44] EDIT sip_users/controllers/default.py: 1
[2012-10-31 10:41:10] EDIT sip_users/controllers/default.py: 0
[2012-10-31 10:41:30] EDIT sip_users/controllers/default.py: 0
[2012-10-31 10:42:08] EDIT sip_users/controllers/default.py: 0
[2012-10-31 10:42:51] EDIT sip_users/controllers/default.py: 0
[2012-10-31 10:42:53] EDIT sip_users/controllers/default.py: 0
[2012-10-31 10:44:14] EDIT sip_users/controllers/default.py: 0
[2012-10-31 10:44:39] EDIT sip_users/controllers/default.py: 0
[2012-10-31 10:47:57] EDIT sip_users/controllers/default.py: 0
[2012-10-31 10:51:26] EDIT sip_users/controllers/default.py: 0
[2012-10-31 10:52:32] EDIT sip_users/controllers/default.py: 0
[2012-10-31 10:54:02] EDIT sip_users/controllers/default.py: 0
[2012-10-31 10:54:20] EDIT sip_users/controllers/default.py: 0
[2012-10-31 10:54:55] EDIT sip_users/controllers/default.py: 0
[2012-10-31 10:55:15] EDIT sip_users/controllers/default.py: 0
[2012-10-31 10:55:36] EDIT sip_users/controllers/default.py: 0
[2012-10-31 10:55:46] EDIT sip_users/controllers/default.py: 0
[2012-10-31 10:57:27] EDIT sip_users/controllers/default.py: 0
[2012-10-31 10:57:38] EDIT sip_users/controllers/default.py: 0
[2012-10-31 11:00:48] EDIT sip_users/controllers/default.py: 0
[2012-10-31 11:00:57] EDIT sip_users/controllers/default.py: 0
[2012-10-31 11:02:21] EDIT sip_users/controllers/default.py: 0
[2012-10-31 11:02:47] EDIT sip_users/controllers/default.py: 0
[2012-10-31 11:02:56] EDIT sip_users/controllers/default.py: 0
[2012-10-31 11:03:07] EDIT sip_users/controllers/default.py: 0
[2012-10-31 11:03:18] EDIT sip_users/controllers/default.py: 0
[2012-10-31 11:06:50] EDIT sip_users/controllers/default.py: 0
[2012-10-31 11:09:07] EDIT sip_users/controllers/default.py: 0
[2012-10-31 11:10:00] EDIT sip_users/controllers/default.py: 0
[2012-10-31 11:10:16] EDIT sip_users/controllers/default.py: 0
[2012-10-31 11:10:58] EDIT sip_users/controllers/default.py: -1
[2012-10-31 13:07:42] EDIT sip_users/models/db.py: 2
[2012-10-31 15:40:55] EDIT sip_users/models/db.py: 0
[2012-10-31 15:43:28] EDIT sip_users/models/db.py: 0
[2012-10-31 15:52:22] EDIT sip_users/models/db.py: 0
[2012-10-31 15:53:13] EDIT sip_users/models/db.py: 0
[2012-10-31 15:55:05] EDIT sip_users/models/db.py: 0
[2012-10-31 15:55:42] EDIT sip_users/models/db.py: 0
[2012-10-31 16:08:41] EDIT sip_users/models/db.py: 0
[2012-10-31 18:04:21] EDIT sip_users/models/db.py: 0
[2012-10-31 18:15:59] EDIT sip_users/models/db.py: 2
[2012-10-31 18:24:23] EDIT sip_users/models/db.py: 1
[2012-10-31 18:32:32] EDIT sip_users/models/db.py: 1
[2012-10-31 18:32:51] EDIT sip_users/models/db.py: 0
[2012-10-31 18:33:07] EDIT sip_users/models/db.py: 0
[2012-11-01 11:30:26] EDIT sip_users/models/db.py: 0
[2012-11-01 13:19:25] EDIT sip_users/static/css/web2py.css: 0
[2012-11-01 13:36:28] EDIT sip_users/static/css/web2py_bootstrap.css: 0
[2012-11-01 13:37:56] EDIT sip_users/static/css/web2py_bootstrap.css: 0
[2012-11-01 13:40:46] EDIT sip_users/static/css/web2py_bootstrap.css: 3
[2012-11-01 13:41:08] EDIT sip_users/static/css/web2py_bootstrap.css: 0
[2012-11-01 13:42:56] EDIT sip_users/static/css/web2py_bootstrap.css: 0
[2012-11-01 13:45:42] EDIT sip_users/static/css/web2py_bootstrap.css: 0
[2012-11-01 13:46:27] EDIT sip_users/static/css/web2py_bootstrap.css: 0
[2012-11-01 13:46:56] EDIT sip_users/static/css/web2py_bootstrap.css: 1
[2012-11-01 13:47:13] EDIT sip_users/static/css/web2py_bootstrap.css: 0
[2012-11-01 13:50:23] EDIT sip_users/static/css/web2py_bootstrap.css: 0
[2012-11-01 13:52:47] EDIT sip_users/static/css/web2py_bootstrap.css: 1
[2012-11-01 13:53:07] EDIT sip_users/static/css/web2py_bootstrap.css: 0
[2012-11-01 13:53:49] EDIT sip_users/static/css/web2py_bootstrap.css: 0
[2012-11-01 13:54:09] EDIT sip_users/static/css/web2py_bootstrap.css: 0
[2012-11-01 13:57:36] EDIT sip_users/static/css/web2py_bootstrap.css: 0
[2012-11-01 14:53:54] EDIT sip_users/static/css/web2py_bootstrap.css: 0
[2012-11-01 14:55:13] EDIT sip_users/static/css/web2py_bootstrap.css: 0
[2012-11-01 14:55:30] EDIT sip_users/static/css/web2py_bootstrap.css: 0
[2012-11-01 14:57:23] EDIT sip_users/static/css/web2py_bootstrap.css: 1
[2012-11-01 14:57:40] EDIT sip_users/static/css/web2py_bootstrap.css: 0
[2012-11-01 14:58:08] EDIT sip_users/static/css/web2py_bootstrap.css: 0
[2012-11-01 14:58:32] EDIT sip_users/static/css/web2py_bootstrap.css: 0
[2012-11-01 14:58:49] EDIT sip_users/static/css/web2py_bootstrap.css: 0
[2012-11-01 14:59:15] EDIT sip_users/static/css/web2py_bootstrap.css: 0
[2012-11-01 14:59:41] EDIT sip_users/static/css/web2py_bootstrap.css: 0
[2012-11-01 15:00:34] EDIT sip_users/static/css/web2py_bootstrap.css: 1
[2012-11-01 15:01:37] EDIT sip_users/static/css/web2py_bootstrap.css: 0
[2012-11-01 15:01:58] EDIT sip_users/static/css/web2py_bootstrap.css: -1
[2012-11-01 16:26:31] EDIT sip_users/static/css/web2py_bootstrap.css: 1
[2012-11-01 16:26:52] EDIT sip_users/static/css/web2py_bootstrap.css: 0
[2012-11-01 16:33:46] EDIT sip_users/static/css/web2py_bootstrap.css: 1
[2012-11-01 16:34:42] EDIT sip_users/static/css/web2py_bootstrap.css: 1
[2012-11-01 16:35:18] EDIT sip_users/static/css/web2py_bootstrap.css: 0
[2012-11-01 16:35:46] EDIT sip_users/static/css/web2py_bootstrap.css: 0
[2012-11-01 16:36:01] EDIT sip_users/static/css/web2py_bootstrap.css: 0
[2012-11-01 16:37:55] EDIT sip_users/views/layout.html: 0
[2012-11-01 16:38:57] EDIT sip_users/views/layout.html: 0
[2012-11-01 16:39:36] EDIT sip_users/views/layout.html: 0
[2012-11-01 16:57:07] EDIT sip_users/models/menu.py: 0
[2012-11-01 16:57:25] EDIT sip_users/models/menu.py: 0
[2012-11-01 16:58:01] EDIT sip_users/models/menu.py: 0
[2012-11-01 17:00:54] EDIT sip_users/models/menu.py: 0
[2012-11-01 17:01:21] EDIT sip_users/models/menu.py: 0
[2012-11-01 17:01:37] EDIT sip_users/models/menu.py: 0
[2012-11-01 17:05:16] EDIT sip_users/models/menu.py: 0
[2012-11-01 17:05:22] EDIT sip_users/models/menu.py: 0
[2012-11-01 17:07:36] EDIT sip_users/models/menu.py: 0
[2012-11-01 17:08:40] EDIT sip_users/models/menu.py: 0
[2012-11-01 17:09:03] EDIT sip_users/models/menu.py: 0
[2012-11-01 17:12:23] EDIT sip_users/models/menu.py: 1
[2012-11-01 17:18:04] EDIT sip_users/models/menu.py: 2
[2012-11-01 17:27:35] EDIT sip_users/models/menu.py: 0
[2012-11-01 17:28:20] EDIT sip_users/models/menu.py: 0
[2012-11-01 17:29:24] EDIT sip_users/models/menu.py: 0
[2012-11-01 17:30:21] EDIT sip_users/models/menu.py: 0
[2012-11-01 17:31:00] EDIT sip_users/models/menu.py: 0
[2012-11-01 17:31:21] EDIT sip_users/models/menu.py: -1
[2012-11-01 17:31:25] EDIT sip_users/models/menu.py: 0
[2012-11-01 17:31:35] EDIT sip_users/models/menu.py: 0
[2012-11-01 17:31:46] EDIT sip_users/models/menu.py: 0
[2012-11-01 17:31:56] EDIT sip_users/models/menu.py: 1
[2012-11-01 17:32:02] EDIT sip_users/models/menu.py: 0
[2012-11-01 17:33:11] EDIT sip_users/models/menu.py: 0
[2012-11-01 17:34:16] EDIT sip_users/models/menu.py: 0
[2012-11-01 17:34:40] EDIT sip_users/models/menu.py: 0
[2012-11-01 17:35:01] EDIT sip_users/models/menu.py: 0
[2012-11-01 17:35:16] EDIT sip_users/models/menu.py: 0
[2012-11-01 17:35:45] EDIT sip_users/models/menu.py: 0
[2012-11-01 17:36:10] EDIT sip_users/models/menu.py: 0
[2012-11-01 17:36:26] EDIT sip_users/models/menu.py: 0
[2012-11-01 17:38:04] EDIT sip_users/models/menu.py: 2
[2012-11-01 17:38:37] EDIT sip_users/models/menu.py: 0
[2012-11-01 17:58:14] EDIT sip_users/static/css/web2py_bootstrap.css: 0
[2012-11-01 17:58:51] EDIT sip_users/static/css/web2py_bootstrap.css: -1
[2012-11-01 17:59:39] EDIT sip_users/static/css/web2py_bootstrap.css: 1
[2012-11-01 17:59:56] EDIT sip_users/static/css/web2py_bootstrap.css: 0
[2012-11-01 18:00:19] EDIT sip_users/static/css/web2py_bootstrap.css: 0
[2012-11-01 18:01:29] EDIT sip_users/static/css/web2py_bootstrap.css: 0
[2012-11-01 18:32:10] EDIT sip_users/models/menu.py: 0
[2012-11-01 18:32:35] EDIT sip_users/models/menu.py: 0
[2012-11-01 18:35:23] EDIT sip_users/models/menu.py: 0
[2012-11-02 12:31:56] EDIT sip_users/controllers/default.py: 1
[2012-11-02 12:32:26] EDIT sip_users/views/default/index.html: -2
[2012-11-02 12:33:03] EDIT sip_users/views/default/index.html: -1
[2012-11-02 12:35:18] EDIT sip_users/controllers/default.py: 1
[2012-11-02 12:37:23] EDIT sip_users/views/default/index.html: 1
[2012-11-02 12:38:16] EDIT sip_users/views/default/index.html: 1
[2012-11-02 12:38:37] EDIT sip_users/views/default/index.html: 0
[2012-11-02 12:42:22] EDIT sip_users/views/layout.html: -8
[2012-11-02 12:43:58] EDIT sip_users/views/layout.html: 8
[2012-11-02 12:44:58] EDIT sip_users/views/layout.html: -1
[2012-11-02 12:46:04] EDIT sip_users/views/layout.html: 1
[2012-11-02 12:47:06] EDIT sip_users/views/layout.html: 0
[2012-11-02 12:50:43] EDIT sip_users/controllers/default.py: 0
[2012-11-02 12:50:59] EDIT sip_users/controllers/default.py: 0
[2012-11-02 12:52:13] EDIT sip_users/views/default/index.html: -1
[2012-11-02 12:54:08] EDIT sip_users/views/default/index.html: 1
[2012-11-02 15:45:38] EDIT sip_users/views/default/index.html: 11
[2012-11-02 15:48:22] EDIT sip_users/views/default/index.html: 5
[2012-11-02 15:48:40] EDIT sip_users/views/default/index.html: -2
[2012-11-02 15:49:05] EDIT sip_users/views/default/index.html: 0
[2012-11-02 15:51:50] EDIT sip_users/views/default/index.html: 2
[2012-11-02 15:53:47] EDIT sip_users/views/default/index.html: -17
[2012-11-02 15:55:13] EDIT sip_users/views/default/sql_form.html: -1
[2012-11-02 15:56:38] EDIT sip_users/views/default/cdr.html: 0
[2012-11-02 15:57:36] EDIT sip_users/views/default/cdr.html: 0
[2012-11-02 15:58:06] EDIT sip_users/views/default/new_sip_user.html: -1
